{
  "RSpec": {
    "coverage": {
      "/Users/stuartbainesdinning/Documents/Projects/guides/spec/something_spec.rb": {
        "lines": [
          null,
          null,
          1,
          null,
          1,
          1,
          1,
          1,
          null,
          null,
          null
        ]
      },
      "/Users/stuartbainesdinning/Documents/Projects/guides/lib/something.rb": {
        "lines": [
          null,
          null,
          1,
          1,
          null,
          1,
          1,
          1,
          null,
          null,
          1,
          1,
          null,
          null
        ]
      }
    },
    "timestamp": 1615842358
  }
}
